2019-04-28 15:56:40.645 DEBUG 16140 --- [restartedMain] edFilterInvocationSecurityMetadataSource : Adding web access control expression 'hasRole('ROLE_USER')', for Ant [pattern='/design']
2019-04-28 15:56:40.645 DEBUG 16140 --- [restartedMain] edFilterInvocationSecurityMetadataSource : Adding web access control expression 'hasRole('ROLE_USER')', for Ant [pattern='/orders']
2019-04-28 15:56:40.645 DEBUG 16140 --- [restartedMain] edFilterInvocationSecurityMetadataSource : Adding web access control expression 'permitAll', for Ant [pattern='/']
2019-04-28 15:56:40.645 DEBUG 16140 --- [restartedMain] edFilterInvocationSecurityMetadataSource : Adding web access control expression 'permitAll', for Ant [pattern='/**']
2019-04-28 15:56:40.645 DEBUG 16140 --- [restartedMain] o.s.s.w.a.i.FilterSecurityInterceptor    : Validated configuration attributes
2019-04-28 15:56:40.645 DEBUG 16140 --- [restartedMain] o.s.s.w.a.i.FilterSecurityInterceptor    : Validated configuration attributes
2019-04-28 15:56:40.661  INFO 16140 --- [restartedMain] o.s.s.web.DefaultSecurityFilterChain     : Creating filter chain: any request, [org.springframework.security.web.context.request.async.WebAsyncManagerIntegrationFilter@3ccf5a92, org.springframework.security.web.context.SecurityContextPersistenceFilter@489576d9, org.springframework.security.web.header.HeaderWriterFilter@3acbf76b, org.springframework.security.web.authentication.logout.LogoutFilter@44f05bf9, org.springframework.security.web.authentication.UsernamePasswordAuthenticationFilter@5ec7c9d2, org.springframework.security.web.savedrequest.RequestCacheAwareFilter@65bf0fd1, org.springframework.security.web.servletapi.SecurityContextHolderAwareRequestFilter@aadca2, org.springframework.security.web.authentication.AnonymousAuthenticationFilter@38d4bc5c, org.springframework.security.web.session.SessionManagementFilter@6194a157, org.springframework.security.web.access.ExceptionTranslationFilter@6df80ffd, org.springframework.security.web.access.intercept.FilterSecurityInterceptor@115f0d1f]
2019-04-28 15:56:40.708  WARN 16140 --- [restartedMain] aWebConfiguration$JpaWebMvcConfiguration : spring.jpa.open-in-view is enabled by default. Therefore, database queries may be performed during view rendering. Explicitly configure spring.jpa.open-in-view to disable this warning
2019-04-28 15:56:55.910 DEBUG 21392 --- [restartedMain] edFilterInvocationSecurityMetadataSource : Adding web access control expression 'hasRole('ROLE_USER')', for Ant [pattern='/design']
2019-04-28 15:56:55.926 DEBUG 21392 --- [restartedMain] edFilterInvocationSecurityMetadataSource : Adding web access control expression 'hasRole('ROLE_USER')', for Ant [pattern='/orders']
2019-04-28 15:56:55.926 DEBUG 21392 --- [restartedMain] edFilterInvocationSecurityMetadataSource : Adding web access control expression 'permitAll', for Ant [pattern='/']
2019-04-28 15:56:55.926 DEBUG 21392 --- [restartedMain] edFilterInvocationSecurityMetadataSource : Adding web access control expression 'permitAll', for Ant [pattern='/**']
2019-04-28 15:56:55.926 DEBUG 21392 --- [restartedMain] o.s.s.w.a.i.FilterSecurityInterceptor    : Validated configuration attributes
2019-04-28 15:56:55.926 DEBUG 21392 --- [restartedMain] o.s.s.w.a.i.FilterSecurityInterceptor    : Validated configuration attributes
2019-04-28 15:56:55.926  INFO 21392 --- [restartedMain] o.s.s.web.DefaultSecurityFilterChain     : Creating filter chain: any request, [org.springframework.security.web.context.request.async.WebAsyncManagerIntegrationFilter@5e993c6a, org.springframework.security.web.context.SecurityContextPersistenceFilter@1c1b5a45, org.springframework.security.web.header.HeaderWriterFilter@41ca62ef, org.springframework.security.web.authentication.logout.LogoutFilter@42f8c431, org.springframework.security.web.authentication.UsernamePasswordAuthenticationFilter@42c85e65, org.springframework.security.web.savedrequest.RequestCacheAwareFilter@3fcb8a6c, org.springframework.security.web.servletapi.SecurityContextHolderAwareRequestFilter@64a3a822, org.springframework.security.web.authentication.AnonymousAuthenticationFilter@744c5d00, org.springframework.security.web.session.SessionManagementFilter@454b8f94, org.springframework.security.web.access.ExceptionTranslationFilter@64ad4ec7, org.springframework.security.web.access.intercept.FilterSecurityInterceptor@43e660b8]
2019-04-28 15:56:56.101  WARN 21392 --- [restartedMain] aWebConfiguration$JpaWebMvcConfiguration : spring.jpa.open-in-view is enabled by default. Therefore, database queries may be performed during view rendering. Explicitly configure spring.jpa.open-in-view to disable this warning
2019-04-28 15:57:07.546 DEBUG 21392 --- [http-nio-8080-exec-1] o.s.security.web.FilterChainProxy        : / at position 1 of 11 in additional filter chain; firing Filter: 'WebAsyncManagerIntegrationFilter'
2019-04-28 15:57:07.547 DEBUG 21392 --- [http-nio-8080-exec-1] o.s.security.web.FilterChainProxy        : / at position 2 of 11 in additional filter chain; firing Filter: 'SecurityContextPersistenceFilter'
2019-04-28 15:57:07.548 DEBUG 21392 --- [http-nio-8080-exec-1] w.c.HttpSessionSecurityContextRepository : No HttpSession currently exists
2019-04-28 15:57:07.548 DEBUG 21392 --- [http-nio-8080-exec-1] w.c.HttpSessionSecurityContextRepository : No SecurityContext was available from the HttpSession: null. A new one will be created.
2019-04-28 15:57:07.550 DEBUG 21392 --- [http-nio-8080-exec-1] o.s.security.web.FilterChainProxy        : / at position 3 of 11 in additional filter chain; firing Filter: 'HeaderWriterFilter'
2019-04-28 15:57:07.551 DEBUG 21392 --- [http-nio-8080-exec-1] o.s.security.web.FilterChainProxy        : / at position 4 of 11 in additional filter chain; firing Filter: 'LogoutFilter'
2019-04-28 15:57:07.552 DEBUG 21392 --- [http-nio-8080-exec-1] o.s.s.web.util.matcher.OrRequestMatcher  : Trying to match using Ant [pattern='/logout', GET]
2019-04-28 15:57:07.552 DEBUG 21392 --- [http-nio-8080-exec-1] o.s.s.w.u.matcher.AntPathRequestMatcher  : Checking match of request : '/'; against '/logout'
2019-04-28 15:57:07.552 DEBUG 21392 --- [http-nio-8080-exec-1] o.s.s.web.util.matcher.OrRequestMatcher  : Trying to match using Ant [pattern='/logout', POST]
2019-04-28 15:57:07.552 DEBUG 21392 --- [http-nio-8080-exec-1] o.s.s.w.u.matcher.AntPathRequestMatcher  : Request 'GET /' doesn't match 'POST /logout'
2019-04-28 15:57:07.552 DEBUG 21392 --- [http-nio-8080-exec-1] o.s.s.web.util.matcher.OrRequestMatcher  : Trying to match using Ant [pattern='/logout', PUT]
2019-04-28 15:57:07.553 DEBUG 21392 --- [http-nio-8080-exec-1] o.s.s.w.u.matcher.AntPathRequestMatcher  : Request 'GET /' doesn't match 'PUT /logout'
2019-04-28 15:57:07.553 DEBUG 21392 --- [http-nio-8080-exec-1] o.s.s.web.util.matcher.OrRequestMatcher  : Trying to match using Ant [pattern='/logout', DELETE]
2019-04-28 15:57:07.553 DEBUG 21392 --- [http-nio-8080-exec-1] o.s.s.w.u.matcher.AntPathRequestMatcher  : Request 'GET /' doesn't match 'DELETE /logout'
2019-04-28 15:57:07.553 DEBUG 21392 --- [http-nio-8080-exec-1] o.s.s.web.util.matcher.OrRequestMatcher  : No matches found
2019-04-28 15:57:07.553 DEBUG 21392 --- [http-nio-8080-exec-1] o.s.security.web.FilterChainProxy        : / at position 5 of 11 in additional filter chain; firing Filter: 'UsernamePasswordAuthenticationFilter'
2019-04-28 15:57:07.553 DEBUG 21392 --- [http-nio-8080-exec-1] o.s.s.w.u.matcher.AntPathRequestMatcher  : Request 'GET /' doesn't match 'POST /login'
2019-04-28 15:57:07.553 DEBUG 21392 --- [http-nio-8080-exec-1] o.s.security.web.FilterChainProxy        : / at position 6 of 11 in additional filter chain; firing Filter: 'RequestCacheAwareFilter'
2019-04-28 15:57:07.553 DEBUG 21392 --- [http-nio-8080-exec-1] o.s.s.w.s.HttpSessionRequestCache        : saved request doesn't match
2019-04-28 15:57:07.553 DEBUG 21392 --- [http-nio-8080-exec-1] o.s.security.web.FilterChainProxy        : / at position 7 of 11 in additional filter chain; firing Filter: 'SecurityContextHolderAwareRequestFilter'
2019-04-28 15:57:07.555 DEBUG 21392 --- [http-nio-8080-exec-1] o.s.security.web.FilterChainProxy        : / at position 8 of 11 in additional filter chain; firing Filter: 'AnonymousAuthenticationFilter'
2019-04-28 15:57:07.556 DEBUG 21392 --- [http-nio-8080-exec-1] o.s.s.w.a.AnonymousAuthenticationFilter  : Populated SecurityContextHolder with anonymous token: 'org.springframework.security.authentication.AnonymousAuthenticationToken@72b24c67: Principal: anonymousUser; Credentials: [PROTECTED]; Authenticated: true; Details: org.springframework.security.web.authentication.WebAuthenticationDetails@b364: RemoteIpAddress: 0:0:0:0:0:0:0:1; SessionId: null; Granted Authorities: ROLE_ANONYMOUS'
2019-04-28 15:57:07.556 DEBUG 21392 --- [http-nio-8080-exec-1] o.s.security.web.FilterChainProxy        : / at position 9 of 11 in additional filter chain; firing Filter: 'SessionManagementFilter'
2019-04-28 15:57:07.556 DEBUG 21392 --- [http-nio-8080-exec-1] o.s.s.w.session.SessionManagementFilter  : Requested session ID EAFF65A97FE3DB44275D41539108DD51 is invalid.
2019-04-28 15:57:07.557 DEBUG 21392 --- [http-nio-8080-exec-1] o.s.security.web.FilterChainProxy        : / at position 10 of 11 in additional filter chain; firing Filter: 'ExceptionTranslationFilter'
2019-04-28 15:57:07.557 DEBUG 21392 --- [http-nio-8080-exec-1] o.s.security.web.FilterChainProxy        : / at position 11 of 11 in additional filter chain; firing Filter: 'FilterSecurityInterceptor'
2019-04-28 15:57:07.558 DEBUG 21392 --- [http-nio-8080-exec-1] o.s.s.w.u.matcher.AntPathRequestMatcher  : Checking match of request : '/'; against '/design'
2019-04-28 15:57:07.558 DEBUG 21392 --- [http-nio-8080-exec-1] o.s.s.w.u.matcher.AntPathRequestMatcher  : Checking match of request : '/'; against '/orders'
2019-04-28 15:57:07.558 DEBUG 21392 --- [http-nio-8080-exec-1] o.s.s.w.u.matcher.AntPathRequestMatcher  : Checking match of request : '/'; against '/'
2019-04-28 15:57:07.558 DEBUG 21392 --- [http-nio-8080-exec-1] o.s.s.w.a.i.FilterSecurityInterceptor    : Secure object: FilterInvocation: URL: /; Attributes: [permitAll]
2019-04-28 15:57:07.558 DEBUG 21392 --- [http-nio-8080-exec-1] o.s.s.w.a.i.FilterSecurityInterceptor    : Previously Authenticated: org.springframework.security.authentication.AnonymousAuthenticationToken@72b24c67: Principal: anonymousUser; Credentials: [PROTECTED]; Authenticated: true; Details: org.springframework.security.web.authentication.WebAuthenticationDetails@b364: RemoteIpAddress: 0:0:0:0:0:0:0:1; SessionId: null; Granted Authorities: ROLE_ANONYMOUS
2019-04-28 15:57:07.564 DEBUG 21392 --- [http-nio-8080-exec-1] o.s.s.access.vote.AffirmativeBased       : Voter: org.springframework.security.web.access.expression.WebExpressionVoter@51ac0cc8, returned: 1
2019-04-28 15:57:07.564 DEBUG 21392 --- [http-nio-8080-exec-1] o.s.s.w.a.i.FilterSecurityInterceptor    : Authorization successful
2019-04-28 15:57:07.564 DEBUG 21392 --- [http-nio-8080-exec-1] o.s.s.w.a.i.FilterSecurityInterceptor    : RunAsManager did not change Authentication object
2019-04-28 15:57:07.564 DEBUG 21392 --- [http-nio-8080-exec-1] o.s.security.web.FilterChainProxy        : / reached end of additional filter chain; proceeding with original chain
2019-04-28 15:57:08.049 DEBUG 21392 --- [http-nio-8080-exec-1] o.s.s.w.header.writers.HstsHeaderWriter  : Not injecting HSTS header since it did not match the requestMatcher org.springframework.security.web.header.writers.HstsHeaderWriter$SecureRequestMatcher@5f835e3e
2019-04-28 15:57:08.049 DEBUG 21392 --- [http-nio-8080-exec-1] w.c.HttpSessionSecurityContextRepository : SecurityContext is empty or contents are anonymous - context will not be stored in HttpSession.
2019-04-28 15:57:08.055 DEBUG 21392 --- [http-nio-8080-exec-1] o.s.s.w.a.ExceptionTranslationFilter     : Chain processed normally
2019-04-28 15:57:08.056 DEBUG 21392 --- [http-nio-8080-exec-1] s.s.w.c.SecurityContextPersistenceFilter : SecurityContextHolder now cleared, as request processing completed
2019-04-28 15:57:08.960 DEBUG 21392 --- [http-nio-8080-exec-2] o.s.security.web.FilterChainProxy        : /favicon.ico at position 1 of 11 in additional filter chain; firing Filter: 'WebAsyncManagerIntegrationFilter'
2019-04-28 15:57:09.023 DEBUG 21392 --- [http-nio-8080-exec-2] o.s.security.web.FilterChainProxy        : /favicon.ico at position 2 of 11 in additional filter chain; firing Filter: 'SecurityContextPersistenceFilter'
2019-04-28 15:57:09.024 DEBUG 21392 --- [http-nio-8080-exec-2] w.c.HttpSessionSecurityContextRepository : No HttpSession currently exists
2019-04-28 15:57:09.024 DEBUG 21392 --- [http-nio-8080-exec-2] w.c.HttpSessionSecurityContextRepository : No SecurityContext was available from the HttpSession: null. A new one will be created.
2019-04-28 15:57:09.027 DEBUG 21392 --- [http-nio-8080-exec-2] o.s.security.web.FilterChainProxy        : /favicon.ico at position 3 of 11 in additional filter chain; firing Filter: 'HeaderWriterFilter'
2019-04-28 15:57:09.027 DEBUG 21392 --- [http-nio-8080-exec-2] o.s.security.web.FilterChainProxy        : /favicon.ico at position 4 of 11 in additional filter chain; firing Filter: 'LogoutFilter'
2019-04-28 15:57:09.027 DEBUG 21392 --- [http-nio-8080-exec-2] o.s.s.web.util.matcher.OrRequestMatcher  : Trying to match using Ant [pattern='/logout', GET]
2019-04-28 15:57:09.027 DEBUG 21392 --- [http-nio-8080-exec-2] o.s.s.w.u.matcher.AntPathRequestMatcher  : Checking match of request : '/favicon.ico'; against '/logout'
2019-04-28 15:57:09.027 DEBUG 21392 --- [http-nio-8080-exec-2] o.s.s.web.util.matcher.OrRequestMatcher  : Trying to match using Ant [pattern='/logout', POST]
2019-04-28 15:57:09.028 DEBUG 21392 --- [http-nio-8080-exec-2] o.s.s.w.u.matcher.AntPathRequestMatcher  : Request 'GET /favicon.ico' doesn't match 'POST /logout'
2019-04-28 15:57:09.028 DEBUG 21392 --- [http-nio-8080-exec-2] o.s.s.web.util.matcher.OrRequestMatcher  : Trying to match using Ant [pattern='/logout', PUT]
2019-04-28 15:57:09.028 DEBUG 21392 --- [http-nio-8080-exec-2] o.s.s.w.u.matcher.AntPathRequestMatcher  : Request 'GET /favicon.ico' doesn't match 'PUT /logout'
2019-04-28 15:57:09.028 DEBUG 21392 --- [http-nio-8080-exec-2] o.s.s.web.util.matcher.OrRequestMatcher  : Trying to match using Ant [pattern='/logout', DELETE]
2019-04-28 15:57:09.028 DEBUG 21392 --- [http-nio-8080-exec-2] o.s.s.w.u.matcher.AntPathRequestMatcher  : Request 'GET /favicon.ico' doesn't match 'DELETE /logout'
2019-04-28 15:57:09.028 DEBUG 21392 --- [http-nio-8080-exec-2] o.s.s.web.util.matcher.OrRequestMatcher  : No matches found
2019-04-28 15:57:09.029 DEBUG 21392 --- [http-nio-8080-exec-2] o.s.security.web.FilterChainProxy        : /favicon.ico at position 5 of 11 in additional filter chain; firing Filter: 'UsernamePasswordAuthenticationFilter'
2019-04-28 15:57:09.029 DEBUG 21392 --- [http-nio-8080-exec-2] o.s.s.w.u.matcher.AntPathRequestMatcher  : Request 'GET /favicon.ico' doesn't match 'POST /login'
2019-04-28 15:57:09.029 DEBUG 21392 --- [http-nio-8080-exec-2] o.s.security.web.FilterChainProxy        : /favicon.ico at position 6 of 11 in additional filter chain; firing Filter: 'RequestCacheAwareFilter'
2019-04-28 15:57:09.029 DEBUG 21392 --- [http-nio-8080-exec-2] o.s.s.w.s.HttpSessionRequestCache        : saved request doesn't match
2019-04-28 15:57:09.029 DEBUG 21392 --- [http-nio-8080-exec-2] o.s.security.web.FilterChainProxy        : /favicon.ico at position 7 of 11 in additional filter chain; firing Filter: 'SecurityContextHolderAwareRequestFilter'
2019-04-28 15:57:09.029 DEBUG 21392 --- [http-nio-8080-exec-2] o.s.security.web.FilterChainProxy        : /favicon.ico at position 8 of 11 in additional filter chain; firing Filter: 'AnonymousAuthenticationFilter'
2019-04-28 15:57:09.029 DEBUG 21392 --- [http-nio-8080-exec-2] o.s.s.w.a.AnonymousAuthenticationFilter  : Populated SecurityContextHolder with anonymous token: 'org.springframework.security.authentication.AnonymousAuthenticationToken@72b24c67: Principal: anonymousUser; Credentials: [PROTECTED]; Authenticated: true; Details: org.springframework.security.web.authentication.WebAuthenticationDetails@b364: RemoteIpAddress: 0:0:0:0:0:0:0:1; SessionId: null; Granted Authorities: ROLE_ANONYMOUS'
2019-04-28 15:57:09.029 DEBUG 21392 --- [http-nio-8080-exec-2] o.s.security.web.FilterChainProxy        : /favicon.ico at position 9 of 11 in additional filter chain; firing Filter: 'SessionManagementFilter'
2019-04-28 15:57:09.030 DEBUG 21392 --- [http-nio-8080-exec-2] o.s.s.w.session.SessionManagementFilter  : Requested session ID EAFF65A97FE3DB44275D41539108DD51 is invalid.
2019-04-28 15:57:09.031 DEBUG 21392 --- [http-nio-8080-exec-2] o.s.security.web.FilterChainProxy        : /favicon.ico at position 10 of 11 in additional filter chain; firing Filter: 'ExceptionTranslationFilter'
2019-04-28 15:57:09.031 DEBUG 21392 --- [http-nio-8080-exec-2] o.s.security.web.FilterChainProxy        : /favicon.ico at position 11 of 11 in additional filter chain; firing Filter: 'FilterSecurityInterceptor'
2019-04-28 15:57:09.031 DEBUG 21392 --- [http-nio-8080-exec-2] o.s.s.w.u.matcher.AntPathRequestMatcher  : Checking match of request : '/favicon.ico'; against '/design'
2019-04-28 15:57:09.031 DEBUG 21392 --- [http-nio-8080-exec-2] o.s.s.w.u.matcher.AntPathRequestMatcher  : Checking match of request : '/favicon.ico'; against '/orders'
2019-04-28 15:57:09.031 DEBUG 21392 --- [http-nio-8080-exec-2] o.s.s.w.u.matcher.AntPathRequestMatcher  : Checking match of request : '/favicon.ico'; against '/'
2019-04-28 15:57:09.031 DEBUG 21392 --- [http-nio-8080-exec-2] o.s.s.w.u.matcher.AntPathRequestMatcher  : Request '/favicon.ico' matched by universal pattern '/**'
2019-04-28 15:57:09.031 DEBUG 21392 --- [http-nio-8080-exec-2] o.s.s.w.a.i.FilterSecurityInterceptor    : Secure object: FilterInvocation: URL: /favicon.ico; Attributes: [permitAll]
2019-04-28 15:57:09.031 DEBUG 21392 --- [http-nio-8080-exec-2] o.s.s.w.a.i.FilterSecurityInterceptor    : Previously Authenticated: org.springframework.security.authentication.AnonymousAuthenticationToken@72b24c67: Principal: anonymousUser; Credentials: [PROTECTED]; Authenticated: true; Details: org.springframework.security.web.authentication.WebAuthenticationDetails@b364: RemoteIpAddress: 0:0:0:0:0:0:0:1; SessionId: null; Granted Authorities: ROLE_ANONYMOUS
2019-04-28 15:57:09.032 DEBUG 21392 --- [http-nio-8080-exec-2] o.s.s.access.vote.AffirmativeBased       : Voter: org.springframework.security.web.access.expression.WebExpressionVoter@51ac0cc8, returned: 1
2019-04-28 15:57:09.032 DEBUG 21392 --- [http-nio-8080-exec-2] o.s.s.w.a.i.FilterSecurityInterceptor    : Authorization successful
2019-04-28 15:57:09.032 DEBUG 21392 --- [http-nio-8080-exec-2] o.s.s.w.a.i.FilterSecurityInterceptor    : RunAsManager did not change Authentication object
2019-04-28 15:57:09.033 DEBUG 21392 --- [http-nio-8080-exec-2] o.s.security.web.FilterChainProxy        : /favicon.ico reached end of additional filter chain; proceeding with original chain
2019-04-28 15:57:09.066 DEBUG 21392 --- [http-nio-8080-exec-2] o.s.s.w.header.writers.HstsHeaderWriter  : Not injecting HSTS header since it did not match the requestMatcher org.springframework.security.web.header.writers.HstsHeaderWriter$SecureRequestMatcher@5f835e3e
2019-04-28 15:57:09.067 DEBUG 21392 --- [http-nio-8080-exec-2] w.c.HttpSessionSecurityContextRepository : SecurityContext is empty or contents are anonymous - context will not be stored in HttpSession.
2019-04-28 15:57:09.070 DEBUG 21392 --- [http-nio-8080-exec-2] o.s.s.w.a.ExceptionTranslationFilter     : Chain processed normally
2019-04-28 15:57:09.070 DEBUG 21392 --- [http-nio-8080-exec-2] s.s.w.c.SecurityContextPersistenceFilter : SecurityContextHolder now cleared, as request processing completed
